<?xml version="1.0" encoding="UTF-8" standalone="yes" ?>
<test-results name="D:\Projetos\Delphi\BolicheTDD\Win32\Debug\ProjetoBoliche.exe" total="6" errors="0" failures="0" ignored="1" inconclusive="0" not-run="1" skipped="0" invalid="0" date="2020-11-19" time="0.006">
  <culture-info current-culture="en" current-uiculture="en" />
  <test-suite type="Assembly" name="ProjetoBoliche.exe" executed="true" result="Success" success="True" time="0.006" asserts="0">
    <results>
        <test-suite type="Namespace" name="uTestScore" executed="true" result="Success" success="True" time="0.005" asserts="0" >
          <results>
              <test-suite type="Fixture" name="TTestBoliche" executed="True" result="Success" success="True" time="0.005" >
                <results>
                  <test-case name="PartidaComTudoZerado" executed="True" result="Success" success="True" time="0.000" asserts="0" />
                  <test-case name="PartidaSemStrikesSpares" executed="True" result="Success" success="True" time="0.000" asserts="0" />
                  <test-case name="FezSpareDepoisZerou" executed="True" result="Success" success="True" time="0.000" asserts="0" />
                  <test-case name="FezSpareDobrouProxima" executed="True" result="Success" success="True" time="0.000" asserts="0" />
                  <test-case name="CadaSparesConsecutivoRecebeBonusDeUmaJogada" executed="True" result="Success" success="True" time="0.000" asserts="0" />
                  <test-case name="UmSpareNoUltimoQuadroRecebeBonusDeUmaJogadaUmaVez" executed="True" result="Success" success="True" time="0.000" asserts="0" />
                  <test-case name="SpareNoUltimoQuadroDeveSerRoladoAntesQuePontuacaoPossaSerCalculada" executed="False" result="Ignored"  time="0.000" asserts="0" >
                    <reason>
                      <message>
                        <![CDATA[  ]]>
                      </message>
                    </reason>
                  </test-case>
                </results>
              </test-suite>
          </results>
        </test-suite>
    </results>
  </test-suite>
</test-results>
